[debug] [2024-08-03T22:01:41.434Z] ----------------------------------------------------------------------
[debug] [2024-08-03T22:01:41.438Z] Command:       C:\Program Files\nodejs\node.exe C:\Users\Juan Diego\AppData\Roaming\npm\node_modules\firebase-tools\lib\bin\firebase.js deploy
[debug] [2024-08-03T22:01:41.439Z] CLI Version:   13.12.0
[debug] [2024-08-03T22:01:41.439Z] Platform:      win32
[debug] [2024-08-03T22:01:41.439Z] Node Version:  v21.5.0
[debug] [2024-08-03T22:01:41.440Z] Time:          Sat Aug 03 2024 17:01:41 GMT-0500 (hora estándar de Colombia)
[debug] [2024-08-03T22:01:41.440Z] ----------------------------------------------------------------------
[debug] 
[debug] [2024-08-03T22:01:41.512Z] > command requires scopes: ["email","openid","https://www.googleapis.com/auth/cloudplatformprojects.readonly","https://www.googleapis.com/auth/firebase","https://www.googleapis.com/auth/cloud-platform"]
[debug] [2024-08-03T22:01:41.513Z] > authorizing via signed-in user (juandiegoecheverryplazas@gmail.com)
[debug] [2024-08-03T22:01:41.513Z] [iam] checking project ulisses-f6971 for permissions ["firebase.projects.get","firebasehosting.sites.update"]
[debug] [2024-08-03T22:01:41.514Z] > refreshing access token with scopes: []
[debug] [2024-08-03T22:01:41.516Z] >>> [apiv2][query] POST https://www.googleapis.com/oauth2/v3/token [none]
[debug] [2024-08-03T22:01:41.516Z] >>> [apiv2][body] POST https://www.googleapis.com/oauth2/v3/token [omitted]
[debug] [2024-08-03T22:01:41.777Z] <<< [apiv2][status] POST https://www.googleapis.com/oauth2/v3/token 200
[debug] [2024-08-03T22:01:41.777Z] <<< [apiv2][body] POST https://www.googleapis.com/oauth2/v3/token [omitted]
[debug] [2024-08-03T22:01:41.786Z] >>> [apiv2][query] POST https://cloudresourcemanager.googleapis.com/v1/projects/ulisses-f6971:testIamPermissions [none]
[debug] [2024-08-03T22:01:41.786Z] >>> [apiv2][(partial)header] POST https://cloudresourcemanager.googleapis.com/v1/projects/ulisses-f6971:testIamPermissions x-goog-quota-user=projects/ulisses-f6971
[debug] [2024-08-03T22:01:41.786Z] >>> [apiv2][body] POST https://cloudresourcemanager.googleapis.com/v1/projects/ulisses-f6971:testIamPermissions {"permissions":["firebase.projects.get","firebasehosting.sites.update"]}
[debug] [2024-08-03T22:01:42.312Z] <<< [apiv2][status] POST https://cloudresourcemanager.googleapis.com/v1/projects/ulisses-f6971:testIamPermissions 200
[debug] [2024-08-03T22:01:42.313Z] <<< [apiv2][body] POST https://cloudresourcemanager.googleapis.com/v1/projects/ulisses-f6971:testIamPermissions {"permissions":["firebase.projects.get","firebasehosting.sites.update"]}
[debug] [2024-08-03T22:01:42.316Z] >>> [apiv2][query] GET https://firebase.googleapis.com/v1beta1/projects/ulisses-f6971 [none]
